2021-12-22T03:17:44+00:00 CRITICAL Uncaught Error: Call to a member function get_cart_contents_count() on null in E:\Programs\XAMPP\htdocs\electro\wp-content\themes\big-store\inc\woocommerce\woo-function.php:29
Stack trace:
#0 E:\Programs\XAMPP\htdocs\electro\wp-content\themes\big-store\inc\woocommerce\woo-function.php(39): big_store_cart_total_item()
#1 E:\Programs\XAMPP\htdocs\electro\wp-includes\class-wp-hook.php(303): big_store_menu_cart_view('')
#2 E:\Programs\XAMPP\htdocs\electro\wp-includes\class-wp-hook.php(327): WP_Hook->apply_filters('', Array)
#3 E:\Programs\XAMPP\htdocs\electro\wp-includes\plugin.php(470): WP_Hook->do_action(Array)
#4 E:\Programs\XAMPP\htdocs\electro\wp-content\themes\big-store\inc\header-function.php(765): do_action('open_cart_count')
#5 E:\Programs\XAMPP\htdocs\electro\wp-includes\class-wp-hook.php(303): bigstore_mobile_navbar('')
#6 E:\Programs\XAMPP\htdocs\electro\wp-includes\class-wp-hook.php(327): WP_Hook->apply_filters(NULL, Array)
#7 E:\Programs\XAMPP\htdocs\electro\wp-includes\plugin.php(470): WP_Hook->do_ in E:\Programs\XAMPP\htdocs\electro\wp-content\themes\big-store\inc\woocommerce\woo-function.php on line 29

2021-12-22T03:17:45+00:00 CRITICAL Uncaught Error: Call to a member function get_cart_contents_count() on null in E:\Programs\XAMPP\htdocs\electro\wp-content\themes\big-store\inc\woocommerce\woo-function.php:29
Stack trace:
#0 E:\Programs\XAMPP\htdocs\electro\wp-content\themes\big-store\inc\woocommerce\woo-function.php(39): big_store_cart_total_item()
#1 E:\Programs\XAMPP\htdocs\electro\wp-includes\class-wp-hook.php(303): big_store_menu_cart_view('')
#2 E:\Programs\XAMPP\htdocs\electro\wp-includes\class-wp-hook.php(327): WP_Hook->apply_filters('', Array)
#3 E:\Programs\XAMPP\htdocs\electro\wp-includes\plugin.php(470): WP_Hook->do_action(Array)
#4 E:\Programs\XAMPP\htdocs\electro\wp-content\themes\big-store\inc\header-function.php(765): do_action('open_cart_count')
#5 E:\Programs\XAMPP\htdocs\electro\wp-includes\class-wp-hook.php(303): bigstore_mobile_navbar('')
#6 E:\Programs\XAMPP\htdocs\electro\wp-includes\class-wp-hook.php(327): WP_Hook->apply_filters(NULL, Array)
#7 E:\Programs\XAMPP\htdocs\electro\wp-includes\plugin.php(470): WP_Hook->do_ in E:\Programs\XAMPP\htdocs\electro\wp-content\themes\big-store\inc\woocommerce\woo-function.php on line 29

2021-12-22T03:17:45+00:00 CRITICAL Uncaught Error: Call to a member function get_cart_contents_count() on null in E:\Programs\XAMPP\htdocs\electro\wp-content\themes\big-store\inc\woocommerce\woo-function.php:29
Stack trace:
#0 E:\Programs\XAMPP\htdocs\electro\wp-content\themes\big-store\inc\woocommerce\woo-function.php(39): big_store_cart_total_item()
#1 E:\Programs\XAMPP\htdocs\electro\wp-includes\class-wp-hook.php(303): big_store_menu_cart_view('')
#2 E:\Programs\XAMPP\htdocs\electro\wp-includes\class-wp-hook.php(327): WP_Hook->apply_filters('', Array)
#3 E:\Programs\XAMPP\htdocs\electro\wp-includes\plugin.php(470): WP_Hook->do_action(Array)
#4 E:\Programs\XAMPP\htdocs\electro\wp-content\themes\big-store\inc\header-function.php(765): do_action('open_cart_count')
#5 E:\Programs\XAMPP\htdocs\electro\wp-includes\class-wp-hook.php(303): bigstore_mobile_navbar('')
#6 E:\Programs\XAMPP\htdocs\electro\wp-includes\class-wp-hook.php(327): WP_Hook->apply_filters(NULL, Array)
#7 E:\Programs\XAMPP\htdocs\electro\wp-includes\plugin.php(470): WP_Hook->do_ in E:\Programs\XAMPP\htdocs\electro\wp-content\themes\big-store\inc\woocommerce\woo-function.php on line 29

2021-12-22T03:17:46+00:00 CRITICAL Uncaught Error: Call to a member function get_cart_contents_count() on null in E:\Programs\XAMPP\htdocs\electro\wp-content\themes\big-store\inc\woocommerce\woo-function.php:29
Stack trace:
#0 E:\Programs\XAMPP\htdocs\electro\wp-content\themes\big-store\inc\woocommerce\woo-function.php(39): big_store_cart_total_item()
#1 E:\Programs\XAMPP\htdocs\electro\wp-includes\class-wp-hook.php(303): big_store_menu_cart_view('')
#2 E:\Programs\XAMPP\htdocs\electro\wp-includes\class-wp-hook.php(327): WP_Hook->apply_filters('', Array)
#3 E:\Programs\XAMPP\htdocs\electro\wp-includes\plugin.php(470): WP_Hook->do_action(Array)
#4 E:\Programs\XAMPP\htdocs\electro\wp-content\themes\big-store\inc\header-function.php(765): do_action('open_cart_count')
#5 E:\Programs\XAMPP\htdocs\electro\wp-includes\class-wp-hook.php(303): bigstore_mobile_navbar('')
#6 E:\Programs\XAMPP\htdocs\electro\wp-includes\class-wp-hook.php(327): WP_Hook->apply_filters(NULL, Array)
#7 E:\Programs\XAMPP\htdocs\electro\wp-includes\plugin.php(470): WP_Hook->do_ in E:\Programs\XAMPP\htdocs\electro\wp-content\themes\big-store\inc\woocommerce\woo-function.php on line 29

2021-12-22T03:17:46+00:00 CRITICAL Uncaught Error: Call to a member function get_cart_contents_count() on null in E:\Programs\XAMPP\htdocs\electro\wp-content\themes\big-store\inc\woocommerce\woo-function.php:29
Stack trace:
#0 E:\Programs\XAMPP\htdocs\electro\wp-content\themes\big-store\inc\woocommerce\woo-function.php(39): big_store_cart_total_item()
#1 E:\Programs\XAMPP\htdocs\electro\wp-includes\class-wp-hook.php(303): big_store_menu_cart_view('')
#2 E:\Programs\XAMPP\htdocs\electro\wp-includes\class-wp-hook.php(327): WP_Hook->apply_filters('', Array)
#3 E:\Programs\XAMPP\htdocs\electro\wp-includes\plugin.php(470): WP_Hook->do_action(Array)
#4 E:\Programs\XAMPP\htdocs\electro\wp-content\themes\big-store\inc\header-function.php(765): do_action('open_cart_count')
#5 E:\Programs\XAMPP\htdocs\electro\wp-includes\class-wp-hook.php(303): bigstore_mobile_navbar('')
#6 E:\Programs\XAMPP\htdocs\electro\wp-includes\class-wp-hook.php(327): WP_Hook->apply_filters(NULL, Array)
#7 E:\Programs\XAMPP\htdocs\electro\wp-includes\plugin.php(470): WP_Hook->do_ in E:\Programs\XAMPP\htdocs\electro\wp-content\themes\big-store\inc\woocommerce\woo-function.php on line 29

2021-12-22T03:17:46+00:00 CRITICAL Uncaught Error: Call to a member function get_cart_contents_count() on null in E:\Programs\XAMPP\htdocs\electro\wp-content\themes\big-store\inc\woocommerce\woo-function.php:29
Stack trace:
#0 E:\Programs\XAMPP\htdocs\electro\wp-content\themes\big-store\inc\woocommerce\woo-function.php(39): big_store_cart_total_item()
#1 E:\Programs\XAMPP\htdocs\electro\wp-includes\class-wp-hook.php(303): big_store_menu_cart_view('')
#2 E:\Programs\XAMPP\htdocs\electro\wp-includes\class-wp-hook.php(327): WP_Hook->apply_filters('', Array)
#3 E:\Programs\XAMPP\htdocs\electro\wp-includes\plugin.php(470): WP_Hook->do_action(Array)
#4 E:\Programs\XAMPP\htdocs\electro\wp-content\themes\big-store\inc\header-function.php(765): do_action('open_cart_count')
#5 E:\Programs\XAMPP\htdocs\electro\wp-includes\class-wp-hook.php(303): bigstore_mobile_navbar('')
#6 E:\Programs\XAMPP\htdocs\electro\wp-includes\class-wp-hook.php(327): WP_Hook->apply_filters(NULL, Array)
#7 E:\Programs\XAMPP\htdocs\electro\wp-includes\plugin.php(470): WP_Hook->do_ in E:\Programs\XAMPP\htdocs\electro\wp-content\themes\big-store\inc\woocommerce\woo-function.php on line 29

2021-12-22T03:17:46+00:00 CRITICAL Uncaught Error: Call to a member function get_cart_contents_count() on null in E:\Programs\XAMPP\htdocs\electro\wp-content\themes\big-store\inc\woocommerce\woo-function.php:29
Stack trace:
#0 E:\Programs\XAMPP\htdocs\electro\wp-content\themes\big-store\inc\woocommerce\woo-function.php(39): big_store_cart_total_item()
#1 E:\Programs\XAMPP\htdocs\electro\wp-includes\class-wp-hook.php(303): big_store_menu_cart_view('')
#2 E:\Programs\XAMPP\htdocs\electro\wp-includes\class-wp-hook.php(327): WP_Hook->apply_filters('', Array)
#3 E:\Programs\XAMPP\htdocs\electro\wp-includes\plugin.php(470): WP_Hook->do_action(Array)
#4 E:\Programs\XAMPP\htdocs\electro\wp-content\themes\big-store\inc\header-function.php(765): do_action('open_cart_count')
#5 E:\Programs\XAMPP\htdocs\electro\wp-includes\class-wp-hook.php(303): bigstore_mobile_navbar('')
#6 E:\Programs\XAMPP\htdocs\electro\wp-includes\class-wp-hook.php(327): WP_Hook->apply_filters(NULL, Array)
#7 E:\Programs\XAMPP\htdocs\electro\wp-includes\plugin.php(470): WP_Hook->do_ in E:\Programs\XAMPP\htdocs\electro\wp-content\themes\big-store\inc\woocommerce\woo-function.php on line 29

2021-12-22T04:00:24+00:00 CRITICAL Uncaught Error: Call to a member function get_cart_contents_count() on null in E:\Programs\XAMPP\htdocs\electro\wp-content\themes\big-store\inc\woocommerce\woo-function.php:29
Stack trace:
#0 E:\Programs\XAMPP\htdocs\electro\wp-content\themes\big-store\inc\woocommerce\woo-function.php(39): big_store_cart_total_item()
#1 E:\Programs\XAMPP\htdocs\electro\wp-includes\class-wp-hook.php(303): big_store_menu_cart_view('')
#2 E:\Programs\XAMPP\htdocs\electro\wp-includes\class-wp-hook.php(327): WP_Hook->apply_filters('', Array)
#3 E:\Programs\XAMPP\htdocs\electro\wp-includes\plugin.php(470): WP_Hook->do_action(Array)
#4 E:\Programs\XAMPP\htdocs\electro\wp-content\themes\big-store\inc\header-function.php(765): do_action('open_cart_count')
#5 E:\Programs\XAMPP\htdocs\electro\wp-includes\class-wp-hook.php(303): bigstore_mobile_navbar('')
#6 E:\Programs\XAMPP\htdocs\electro\wp-includes\class-wp-hook.php(327): WP_Hook->apply_filters(NULL, Array)
#7 E:\Programs\XAMPP\htdocs\electro\wp-includes\plugin.php(470): WP_Hook->do_ in E:\Programs\XAMPP\htdocs\electro\wp-content\themes\big-store\inc\woocommerce\woo-function.php on line 29

2021-12-22T04:00:25+00:00 CRITICAL Uncaught Error: Call to a member function get_cart_contents_count() on null in E:\Programs\XAMPP\htdocs\electro\wp-content\themes\big-store\inc\woocommerce\woo-function.php:29
Stack trace:
#0 E:\Programs\XAMPP\htdocs\electro\wp-content\themes\big-store\inc\woocommerce\woo-function.php(39): big_store_cart_total_item()
#1 E:\Programs\XAMPP\htdocs\electro\wp-includes\class-wp-hook.php(303): big_store_menu_cart_view('')
#2 E:\Programs\XAMPP\htdocs\electro\wp-includes\class-wp-hook.php(327): WP_Hook->apply_filters('', Array)
#3 E:\Programs\XAMPP\htdocs\electro\wp-includes\plugin.php(470): WP_Hook->do_action(Array)
#4 E:\Programs\XAMPP\htdocs\electro\wp-content\themes\big-store\inc\header-function.php(765): do_action('open_cart_count')
#5 E:\Programs\XAMPP\htdocs\electro\wp-includes\class-wp-hook.php(303): bigstore_mobile_navbar('')
#6 E:\Programs\XAMPP\htdocs\electro\wp-includes\class-wp-hook.php(327): WP_Hook->apply_filters(NULL, Array)
#7 E:\Programs\XAMPP\htdocs\electro\wp-includes\plugin.php(470): WP_Hook->do_ in E:\Programs\XAMPP\htdocs\electro\wp-content\themes\big-store\inc\woocommerce\woo-function.php on line 29

2021-12-22T04:00:52+00:00 CRITICAL Uncaught Error: Call to a member function get_cart_contents_count() on null in E:\Programs\XAMPP\htdocs\electro\wp-content\themes\big-store\inc\woocommerce\woo-function.php:29
Stack trace:
#0 E:\Programs\XAMPP\htdocs\electro\wp-content\themes\big-store\inc\woocommerce\woo-function.php(39): big_store_cart_total_item()
#1 E:\Programs\XAMPP\htdocs\electro\wp-includes\class-wp-hook.php(303): big_store_menu_cart_view('')
#2 E:\Programs\XAMPP\htdocs\electro\wp-includes\class-wp-hook.php(327): WP_Hook->apply_filters('', Array)
#3 E:\Programs\XAMPP\htdocs\electro\wp-includes\plugin.php(470): WP_Hook->do_action(Array)
#4 E:\Programs\XAMPP\htdocs\electro\wp-content\themes\big-store\inc\header-function.php(765): do_action('open_cart_count')
#5 E:\Programs\XAMPP\htdocs\electro\wp-includes\class-wp-hook.php(303): bigstore_mobile_navbar('')
#6 E:\Programs\XAMPP\htdocs\electro\wp-includes\class-wp-hook.php(327): WP_Hook->apply_filters(NULL, Array)
#7 E:\Programs\XAMPP\htdocs\electro\wp-includes\plugin.php(470): WP_Hook->do_ in E:\Programs\XAMPP\htdocs\electro\wp-content\themes\big-store\inc\woocommerce\woo-function.php on line 29

2021-12-22T04:01:05+00:00 CRITICAL Uncaught Error: Call to a member function get_cart_contents_count() on null in E:\Programs\XAMPP\htdocs\electro\wp-content\themes\big-store\inc\woocommerce\woo-function.php:29
Stack trace:
#0 E:\Programs\XAMPP\htdocs\electro\wp-content\themes\big-store\inc\woocommerce\woo-function.php(39): big_store_cart_total_item()
#1 E:\Programs\XAMPP\htdocs\electro\wp-includes\class-wp-hook.php(303): big_store_menu_cart_view('')
#2 E:\Programs\XAMPP\htdocs\electro\wp-includes\class-wp-hook.php(327): WP_Hook->apply_filters('', Array)
#3 E:\Programs\XAMPP\htdocs\electro\wp-includes\plugin.php(470): WP_Hook->do_action(Array)
#4 E:\Programs\XAMPP\htdocs\electro\wp-content\themes\big-store\inc\header-function.php(765): do_action('open_cart_count')
#5 E:\Programs\XAMPP\htdocs\electro\wp-includes\class-wp-hook.php(303): bigstore_mobile_navbar('')
#6 E:\Programs\XAMPP\htdocs\electro\wp-includes\class-wp-hook.php(327): WP_Hook->apply_filters(NULL, Array)
#7 E:\Programs\XAMPP\htdocs\electro\wp-includes\plugin.php(470): WP_Hook->do_ in E:\Programs\XAMPP\htdocs\electro\wp-content\themes\big-store\inc\woocommerce\woo-function.php on line 29

2021-12-22T04:01:07+00:00 CRITICAL Uncaught Error: Call to a member function get_cart_contents_count() on null in E:\Programs\XAMPP\htdocs\electro\wp-content\themes\big-store\inc\woocommerce\woo-function.php:29
Stack trace:
#0 E:\Programs\XAMPP\htdocs\electro\wp-content\themes\big-store\inc\woocommerce\woo-function.php(39): big_store_cart_total_item()
#1 E:\Programs\XAMPP\htdocs\electro\wp-includes\class-wp-hook.php(303): big_store_menu_cart_view('')
#2 E:\Programs\XAMPP\htdocs\electro\wp-includes\class-wp-hook.php(327): WP_Hook->apply_filters('', Array)
#3 E:\Programs\XAMPP\htdocs\electro\wp-includes\plugin.php(470): WP_Hook->do_action(Array)
#4 E:\Programs\XAMPP\htdocs\electro\wp-content\themes\big-store\inc\header-function.php(765): do_action('open_cart_count')
#5 E:\Programs\XAMPP\htdocs\electro\wp-includes\class-wp-hook.php(303): bigstore_mobile_navbar('')
#6 E:\Programs\XAMPP\htdocs\electro\wp-includes\class-wp-hook.php(327): WP_Hook->apply_filters(NULL, Array)
#7 E:\Programs\XAMPP\htdocs\electro\wp-includes\plugin.php(470): WP_Hook->do_ in E:\Programs\XAMPP\htdocs\electro\wp-content\themes\big-store\inc\woocommerce\woo-function.php on line 29

2021-12-22T04:01:13+00:00 CRITICAL Uncaught Error: Call to a member function get_cart_contents_count() on null in E:\Programs\XAMPP\htdocs\electro\wp-content\themes\big-store\inc\woocommerce\woo-function.php:29
Stack trace:
#0 E:\Programs\XAMPP\htdocs\electro\wp-content\themes\big-store\inc\woocommerce\woo-function.php(39): big_store_cart_total_item()
#1 E:\Programs\XAMPP\htdocs\electro\wp-includes\class-wp-hook.php(303): big_store_menu_cart_view('')
#2 E:\Programs\XAMPP\htdocs\electro\wp-includes\class-wp-hook.php(327): WP_Hook->apply_filters('', Array)
#3 E:\Programs\XAMPP\htdocs\electro\wp-includes\plugin.php(470): WP_Hook->do_action(Array)
#4 E:\Programs\XAMPP\htdocs\electro\wp-content\themes\big-store\inc\header-function.php(765): do_action('open_cart_count')
#5 E:\Programs\XAMPP\htdocs\electro\wp-includes\class-wp-hook.php(303): bigstore_mobile_navbar('')
#6 E:\Programs\XAMPP\htdocs\electro\wp-includes\class-wp-hook.php(327): WP_Hook->apply_filters(NULL, Array)
#7 E:\Programs\XAMPP\htdocs\electro\wp-includes\plugin.php(470): WP_Hook->do_ in E:\Programs\XAMPP\htdocs\electro\wp-content\themes\big-store\inc\woocommerce\woo-function.php on line 29

2021-12-22T04:01:14+00:00 CRITICAL Uncaught Error: Call to a member function get_cart_contents_count() on null in E:\Programs\XAMPP\htdocs\electro\wp-content\themes\big-store\inc\woocommerce\woo-function.php:29
Stack trace:
#0 E:\Programs\XAMPP\htdocs\electro\wp-content\themes\big-store\inc\woocommerce\woo-function.php(39): big_store_cart_total_item()
#1 E:\Programs\XAMPP\htdocs\electro\wp-includes\class-wp-hook.php(303): big_store_menu_cart_view('')
#2 E:\Programs\XAMPP\htdocs\electro\wp-includes\class-wp-hook.php(327): WP_Hook->apply_filters('', Array)
#3 E:\Programs\XAMPP\htdocs\electro\wp-includes\plugin.php(470): WP_Hook->do_action(Array)
#4 E:\Programs\XAMPP\htdocs\electro\wp-content\themes\big-store\inc\header-function.php(765): do_action('open_cart_count')
#5 E:\Programs\XAMPP\htdocs\electro\wp-includes\class-wp-hook.php(303): bigstore_mobile_navbar('')
#6 E:\Programs\XAMPP\htdocs\electro\wp-includes\class-wp-hook.php(327): WP_Hook->apply_filters(NULL, Array)
#7 E:\Programs\XAMPP\htdocs\electro\wp-includes\plugin.php(470): WP_Hook->do_ in E:\Programs\XAMPP\htdocs\electro\wp-content\themes\big-store\inc\woocommerce\woo-function.php on line 29

2021-12-22T04:01:18+00:00 CRITICAL Uncaught Error: Call to a member function get_cart_contents_count() on null in E:\Programs\XAMPP\htdocs\electro\wp-content\themes\big-store\inc\woocommerce\woo-function.php:29
Stack trace:
#0 E:\Programs\XAMPP\htdocs\electro\wp-content\themes\big-store\inc\woocommerce\woo-function.php(39): big_store_cart_total_item()
#1 E:\Programs\XAMPP\htdocs\electro\wp-includes\class-wp-hook.php(303): big_store_menu_cart_view('')
#2 E:\Programs\XAMPP\htdocs\electro\wp-includes\class-wp-hook.php(327): WP_Hook->apply_filters('', Array)
#3 E:\Programs\XAMPP\htdocs\electro\wp-includes\plugin.php(470): WP_Hook->do_action(Array)
#4 E:\Programs\XAMPP\htdocs\electro\wp-content\themes\big-store\inc\header-function.php(765): do_action('open_cart_count')
#5 E:\Programs\XAMPP\htdocs\electro\wp-includes\class-wp-hook.php(303): bigstore_mobile_navbar('')
#6 E:\Programs\XAMPP\htdocs\electro\wp-includes\class-wp-hook.php(327): WP_Hook->apply_filters(NULL, Array)
#7 E:\Programs\XAMPP\htdocs\electro\wp-includes\plugin.php(470): WP_Hook->do_ in E:\Programs\XAMPP\htdocs\electro\wp-content\themes\big-store\inc\woocommerce\woo-function.php on line 29

2021-12-22T04:01:19+00:00 CRITICAL Uncaught Error: Call to a member function get_cart_contents_count() on null in E:\Programs\XAMPP\htdocs\electro\wp-content\themes\big-store\inc\woocommerce\woo-function.php:29
Stack trace:
#0 E:\Programs\XAMPP\htdocs\electro\wp-content\themes\big-store\inc\woocommerce\woo-function.php(39): big_store_cart_total_item()
#1 E:\Programs\XAMPP\htdocs\electro\wp-includes\class-wp-hook.php(303): big_store_menu_cart_view('')
#2 E:\Programs\XAMPP\htdocs\electro\wp-includes\class-wp-hook.php(327): WP_Hook->apply_filters('', Array)
#3 E:\Programs\XAMPP\htdocs\electro\wp-includes\plugin.php(470): WP_Hook->do_action(Array)
#4 E:\Programs\XAMPP\htdocs\electro\wp-content\themes\big-store\inc\header-function.php(765): do_action('open_cart_count')
#5 E:\Programs\XAMPP\htdocs\electro\wp-includes\class-wp-hook.php(303): bigstore_mobile_navbar('')
#6 E:\Programs\XAMPP\htdocs\electro\wp-includes\class-wp-hook.php(327): WP_Hook->apply_filters(NULL, Array)
#7 E:\Programs\XAMPP\htdocs\electro\wp-includes\plugin.php(470): WP_Hook->do_ in E:\Programs\XAMPP\htdocs\electro\wp-content\themes\big-store\inc\woocommerce\woo-function.php on line 29

2021-12-22T04:01:20+00:00 CRITICAL Uncaught Error: Call to a member function get_cart_contents_count() on null in E:\Programs\XAMPP\htdocs\electro\wp-content\themes\big-store\inc\woocommerce\woo-function.php:29
Stack trace:
#0 E:\Programs\XAMPP\htdocs\electro\wp-content\themes\big-store\inc\woocommerce\woo-function.php(39): big_store_cart_total_item()
#1 E:\Programs\XAMPP\htdocs\electro\wp-includes\class-wp-hook.php(303): big_store_menu_cart_view('')
#2 E:\Programs\XAMPP\htdocs\electro\wp-includes\class-wp-hook.php(327): WP_Hook->apply_filters('', Array)
#3 E:\Programs\XAMPP\htdocs\electro\wp-includes\plugin.php(470): WP_Hook->do_action(Array)
#4 E:\Programs\XAMPP\htdocs\electro\wp-content\themes\big-store\inc\header-function.php(765): do_action('open_cart_count')
#5 E:\Programs\XAMPP\htdocs\electro\wp-includes\class-wp-hook.php(303): bigstore_mobile_navbar('')
#6 E:\Programs\XAMPP\htdocs\electro\wp-includes\class-wp-hook.php(327): WP_Hook->apply_filters(NULL, Array)
#7 E:\Programs\XAMPP\htdocs\electro\wp-includes\plugin.php(470): WP_Hook->do_ in E:\Programs\XAMPP\htdocs\electro\wp-content\themes\big-store\inc\woocommerce\woo-function.php on line 29

2021-12-22T04:01:23+00:00 CRITICAL Uncaught Error: Call to a member function get_cart_contents_count() on null in E:\Programs\XAMPP\htdocs\electro\wp-content\themes\big-store\inc\woocommerce\woo-function.php:29
Stack trace:
#0 E:\Programs\XAMPP\htdocs\electro\wp-content\themes\big-store\inc\woocommerce\woo-function.php(39): big_store_cart_total_item()
#1 E:\Programs\XAMPP\htdocs\electro\wp-includes\class-wp-hook.php(303): big_store_menu_cart_view('')
#2 E:\Programs\XAMPP\htdocs\electro\wp-includes\class-wp-hook.php(327): WP_Hook->apply_filters('', Array)
#3 E:\Programs\XAMPP\htdocs\electro\wp-includes\plugin.php(470): WP_Hook->do_action(Array)
#4 E:\Programs\XAMPP\htdocs\electro\wp-content\themes\big-store\inc\header-function.php(765): do_action('open_cart_count')
#5 E:\Programs\XAMPP\htdocs\electro\wp-includes\class-wp-hook.php(303): bigstore_mobile_navbar('')
#6 E:\Programs\XAMPP\htdocs\electro\wp-includes\class-wp-hook.php(327): WP_Hook->apply_filters(NULL, Array)
#7 E:\Programs\XAMPP\htdocs\electro\wp-includes\plugin.php(470): WP_Hook->do_ in E:\Programs\XAMPP\htdocs\electro\wp-content\themes\big-store\inc\woocommerce\woo-function.php on line 29

2021-12-22T04:01:24+00:00 CRITICAL Uncaught Error: Call to a member function get_cart_contents_count() on null in E:\Programs\XAMPP\htdocs\electro\wp-content\themes\big-store\inc\woocommerce\woo-function.php:29
Stack trace:
#0 E:\Programs\XAMPP\htdocs\electro\wp-content\themes\big-store\inc\woocommerce\woo-function.php(39): big_store_cart_total_item()
#1 E:\Programs\XAMPP\htdocs\electro\wp-includes\class-wp-hook.php(303): big_store_menu_cart_view('')
#2 E:\Programs\XAMPP\htdocs\electro\wp-includes\class-wp-hook.php(327): WP_Hook->apply_filters('', Array)
#3 E:\Programs\XAMPP\htdocs\electro\wp-includes\plugin.php(470): WP_Hook->do_action(Array)
#4 E:\Programs\XAMPP\htdocs\electro\wp-content\themes\big-store\inc\header-function.php(765): do_action('open_cart_count')
#5 E:\Programs\XAMPP\htdocs\electro\wp-includes\class-wp-hook.php(303): bigstore_mobile_navbar('')
#6 E:\Programs\XAMPP\htdocs\electro\wp-includes\class-wp-hook.php(327): WP_Hook->apply_filters(NULL, Array)
#7 E:\Programs\XAMPP\htdocs\electro\wp-includes\plugin.php(470): WP_Hook->do_ in E:\Programs\XAMPP\htdocs\electro\wp-content\themes\big-store\inc\woocommerce\woo-function.php on line 29

2021-12-22T04:01:31+00:00 CRITICAL Uncaught Error: Call to a member function get_cart_contents_count() on null in E:\Programs\XAMPP\htdocs\electro\wp-content\themes\big-store\inc\woocommerce\woo-function.php:29
Stack trace:
#0 E:\Programs\XAMPP\htdocs\electro\wp-content\themes\big-store\inc\woocommerce\woo-function.php(39): big_store_cart_total_item()
#1 E:\Programs\XAMPP\htdocs\electro\wp-includes\class-wp-hook.php(303): big_store_menu_cart_view('')
#2 E:\Programs\XAMPP\htdocs\electro\wp-includes\class-wp-hook.php(327): WP_Hook->apply_filters('', Array)
#3 E:\Programs\XAMPP\htdocs\electro\wp-includes\plugin.php(470): WP_Hook->do_action(Array)
#4 E:\Programs\XAMPP\htdocs\electro\wp-content\themes\big-store\inc\header-function.php(765): do_action('open_cart_count')
#5 E:\Programs\XAMPP\htdocs\electro\wp-includes\class-wp-hook.php(303): bigstore_mobile_navbar('')
#6 E:\Programs\XAMPP\htdocs\electro\wp-includes\class-wp-hook.php(327): WP_Hook->apply_filters(NULL, Array)
#7 E:\Programs\XAMPP\htdocs\electro\wp-includes\plugin.php(470): WP_Hook->do_ in E:\Programs\XAMPP\htdocs\electro\wp-content\themes\big-store\inc\woocommerce\woo-function.php on line 29

2021-12-22T04:01:42+00:00 CRITICAL Uncaught Error: Call to a member function get_cart_contents_count() on null in E:\Programs\XAMPP\htdocs\electro\wp-content\themes\big-store\inc\woocommerce\woo-function.php:29
Stack trace:
#0 E:\Programs\XAMPP\htdocs\electro\wp-content\themes\big-store\inc\woocommerce\woo-function.php(39): big_store_cart_total_item()
#1 E:\Programs\XAMPP\htdocs\electro\wp-includes\class-wp-hook.php(303): big_store_menu_cart_view('')
#2 E:\Programs\XAMPP\htdocs\electro\wp-includes\class-wp-hook.php(327): WP_Hook->apply_filters('', Array)
#3 E:\Programs\XAMPP\htdocs\electro\wp-includes\plugin.php(470): WP_Hook->do_action(Array)
#4 E:\Programs\XAMPP\htdocs\electro\wp-content\themes\big-store\inc\header-function.php(765): do_action('open_cart_count')
#5 E:\Programs\XAMPP\htdocs\electro\wp-includes\class-wp-hook.php(303): bigstore_mobile_navbar('')
#6 E:\Programs\XAMPP\htdocs\electro\wp-includes\class-wp-hook.php(327): WP_Hook->apply_filters(NULL, Array)
#7 E:\Programs\XAMPP\htdocs\electro\wp-includes\plugin.php(470): WP_Hook->do_ in E:\Programs\XAMPP\htdocs\electro\wp-content\themes\big-store\inc\woocommerce\woo-function.php on line 29

2021-12-22T04:01:55+00:00 CRITICAL Uncaught Error: Call to a member function get_cart_contents_count() on null in E:\Programs\XAMPP\htdocs\electro\wp-content\themes\big-store\inc\woocommerce\woo-function.php:29
Stack trace:
#0 E:\Programs\XAMPP\htdocs\electro\wp-content\themes\big-store\inc\woocommerce\woo-function.php(39): big_store_cart_total_item()
#1 E:\Programs\XAMPP\htdocs\electro\wp-includes\class-wp-hook.php(303): big_store_menu_cart_view('')
#2 E:\Programs\XAMPP\htdocs\electro\wp-includes\class-wp-hook.php(327): WP_Hook->apply_filters('', Array)
#3 E:\Programs\XAMPP\htdocs\electro\wp-includes\plugin.php(470): WP_Hook->do_action(Array)
#4 E:\Programs\XAMPP\htdocs\electro\wp-content\themes\big-store\inc\header-function.php(765): do_action('open_cart_count')
#5 E:\Programs\XAMPP\htdocs\electro\wp-includes\class-wp-hook.php(303): bigstore_mobile_navbar('')
#6 E:\Programs\XAMPP\htdocs\electro\wp-includes\class-wp-hook.php(327): WP_Hook->apply_filters(NULL, Array)
#7 E:\Programs\XAMPP\htdocs\electro\wp-includes\plugin.php(470): WP_Hook->do_ in E:\Programs\XAMPP\htdocs\electro\wp-content\themes\big-store\inc\woocommerce\woo-function.php on line 29

2021-12-22T04:01:57+00:00 CRITICAL Uncaught Error: Call to a member function get_cart_contents_count() on null in E:\Programs\XAMPP\htdocs\electro\wp-content\themes\big-store\inc\woocommerce\woo-function.php:29
Stack trace:
#0 E:\Programs\XAMPP\htdocs\electro\wp-content\themes\big-store\inc\woocommerce\woo-function.php(39): big_store_cart_total_item()
#1 E:\Programs\XAMPP\htdocs\electro\wp-includes\class-wp-hook.php(303): big_store_menu_cart_view('')
#2 E:\Programs\XAMPP\htdocs\electro\wp-includes\class-wp-hook.php(327): WP_Hook->apply_filters('', Array)
#3 E:\Programs\XAMPP\htdocs\electro\wp-includes\plugin.php(470): WP_Hook->do_action(Array)
#4 E:\Programs\XAMPP\htdocs\electro\wp-content\themes\big-store\inc\header-function.php(765): do_action('open_cart_count')
#5 E:\Programs\XAMPP\htdocs\electro\wp-includes\class-wp-hook.php(303): bigstore_mobile_navbar('')
#6 E:\Programs\XAMPP\htdocs\electro\wp-includes\class-wp-hook.php(327): WP_Hook->apply_filters(NULL, Array)
#7 E:\Programs\XAMPP\htdocs\electro\wp-includes\plugin.php(470): WP_Hook->do_ in E:\Programs\XAMPP\htdocs\electro\wp-content\themes\big-store\inc\woocommerce\woo-function.php on line 29

2021-12-22T04:02:19+00:00 CRITICAL Uncaught Error: Call to a member function get_cart_contents_count() on null in E:\Programs\XAMPP\htdocs\electro\wp-content\themes\big-store\inc\woocommerce\woo-function.php:29
Stack trace:
#0 E:\Programs\XAMPP\htdocs\electro\wp-content\themes\big-store\inc\woocommerce\woo-function.php(39): big_store_cart_total_item()
#1 E:\Programs\XAMPP\htdocs\electro\wp-includes\class-wp-hook.php(303): big_store_menu_cart_view('')
#2 E:\Programs\XAMPP\htdocs\electro\wp-includes\class-wp-hook.php(327): WP_Hook->apply_filters('', Array)
#3 E:\Programs\XAMPP\htdocs\electro\wp-includes\plugin.php(470): WP_Hook->do_action(Array)
#4 E:\Programs\XAMPP\htdocs\electro\wp-content\themes\big-store\inc\header-function.php(765): do_action('open_cart_count')
#5 E:\Programs\XAMPP\htdocs\electro\wp-includes\class-wp-hook.php(303): bigstore_mobile_navbar('')
#6 E:\Programs\XAMPP\htdocs\electro\wp-includes\class-wp-hook.php(327): WP_Hook->apply_filters(NULL, Array)
#7 E:\Programs\XAMPP\htdocs\electro\wp-includes\plugin.php(470): WP_Hook->do_ in E:\Programs\XAMPP\htdocs\electro\wp-content\themes\big-store\inc\woocommerce\woo-function.php on line 29

2021-12-22T04:02:19+00:00 CRITICAL Uncaught Error: Call to a member function get_cart_contents_count() on null in E:\Programs\XAMPP\htdocs\electro\wp-content\themes\big-store\inc\woocommerce\woo-function.php:29
Stack trace:
#0 E:\Programs\XAMPP\htdocs\electro\wp-content\themes\big-store\inc\woocommerce\woo-function.php(39): big_store_cart_total_item()
#1 E:\Programs\XAMPP\htdocs\electro\wp-includes\class-wp-hook.php(303): big_store_menu_cart_view('')
#2 E:\Programs\XAMPP\htdocs\electro\wp-includes\class-wp-hook.php(327): WP_Hook->apply_filters('', Array)
#3 E:\Programs\XAMPP\htdocs\electro\wp-includes\plugin.php(470): WP_Hook->do_action(Array)
#4 E:\Programs\XAMPP\htdocs\electro\wp-content\themes\big-store\inc\header-function.php(765): do_action('open_cart_count')
#5 E:\Programs\XAMPP\htdocs\electro\wp-includes\class-wp-hook.php(303): bigstore_mobile_navbar('')
#6 E:\Programs\XAMPP\htdocs\electro\wp-includes\class-wp-hook.php(327): WP_Hook->apply_filters(NULL, Array)
#7 E:\Programs\XAMPP\htdocs\electro\wp-includes\plugin.php(470): WP_Hook->do_ in E:\Programs\XAMPP\htdocs\electro\wp-content\themes\big-store\inc\woocommerce\woo-function.php on line 29

2021-12-22T04:02:23+00:00 CRITICAL Uncaught Error: Call to a member function get_cart_contents_count() on null in E:\Programs\XAMPP\htdocs\electro\wp-content\themes\big-store\inc\woocommerce\woo-function.php:29
Stack trace:
#0 E:\Programs\XAMPP\htdocs\electro\wp-content\themes\big-store\inc\woocommerce\woo-function.php(39): big_store_cart_total_item()
#1 E:\Programs\XAMPP\htdocs\electro\wp-includes\class-wp-hook.php(303): big_store_menu_cart_view('')
#2 E:\Programs\XAMPP\htdocs\electro\wp-includes\class-wp-hook.php(327): WP_Hook->apply_filters('', Array)
#3 E:\Programs\XAMPP\htdocs\electro\wp-includes\plugin.php(470): WP_Hook->do_action(Array)
#4 E:\Programs\XAMPP\htdocs\electro\wp-content\themes\big-store\inc\header-function.php(765): do_action('open_cart_count')
#5 E:\Programs\XAMPP\htdocs\electro\wp-includes\class-wp-hook.php(303): bigstore_mobile_navbar('')
#6 E:\Programs\XAMPP\htdocs\electro\wp-includes\class-wp-hook.php(327): WP_Hook->apply_filters(NULL, Array)
#7 E:\Programs\XAMPP\htdocs\electro\wp-includes\plugin.php(470): WP_Hook->do_ in E:\Programs\XAMPP\htdocs\electro\wp-content\themes\big-store\inc\woocommerce\woo-function.php on line 29

2021-12-22T04:02:32+00:00 CRITICAL Uncaught Error: Call to a member function get_cart_contents_count() on null in E:\Programs\XAMPP\htdocs\electro\wp-content\themes\big-store\inc\woocommerce\woo-function.php:29
Stack trace:
#0 E:\Programs\XAMPP\htdocs\electro\wp-content\themes\big-store\inc\woocommerce\woo-function.php(39): big_store_cart_total_item()
#1 E:\Programs\XAMPP\htdocs\electro\wp-includes\class-wp-hook.php(303): big_store_menu_cart_view('')
#2 E:\Programs\XAMPP\htdocs\electro\wp-includes\class-wp-hook.php(327): WP_Hook->apply_filters('', Array)
#3 E:\Programs\XAMPP\htdocs\electro\wp-includes\plugin.php(470): WP_Hook->do_action(Array)
#4 E:\Programs\XAMPP\htdocs\electro\wp-content\themes\big-store\inc\header-function.php(765): do_action('open_cart_count')
#5 E:\Programs\XAMPP\htdocs\electro\wp-includes\class-wp-hook.php(303): bigstore_mobile_navbar('')
#6 E:\Programs\XAMPP\htdocs\electro\wp-includes\class-wp-hook.php(327): WP_Hook->apply_filters(NULL, Array)
#7 E:\Programs\XAMPP\htdocs\electro\wp-includes\plugin.php(470): WP_Hook->do_ in E:\Programs\XAMPP\htdocs\electro\wp-content\themes\big-store\inc\woocommerce\woo-function.php on line 29

2021-12-22T04:02:34+00:00 CRITICAL Uncaught Error: Call to a member function get_cart_contents_count() on null in E:\Programs\XAMPP\htdocs\electro\wp-content\themes\big-store\inc\woocommerce\woo-function.php:29
Stack trace:
#0 E:\Programs\XAMPP\htdocs\electro\wp-content\themes\big-store\inc\woocommerce\woo-function.php(39): big_store_cart_total_item()
#1 E:\Programs\XAMPP\htdocs\electro\wp-includes\class-wp-hook.php(303): big_store_menu_cart_view('')
#2 E:\Programs\XAMPP\htdocs\electro\wp-includes\class-wp-hook.php(327): WP_Hook->apply_filters('', Array)
#3 E:\Programs\XAMPP\htdocs\electro\wp-includes\plugin.php(470): WP_Hook->do_action(Array)
#4 E:\Programs\XAMPP\htdocs\electro\wp-content\themes\big-store\inc\header-function.php(765): do_action('open_cart_count')
#5 E:\Programs\XAMPP\htdocs\electro\wp-includes\class-wp-hook.php(303): bigstore_mobile_navbar('')
#6 E:\Programs\XAMPP\htdocs\electro\wp-includes\class-wp-hook.php(327): WP_Hook->apply_filters(NULL, Array)
#7 E:\Programs\XAMPP\htdocs\electro\wp-includes\plugin.php(470): WP_Hook->do_ in E:\Programs\XAMPP\htdocs\electro\wp-content\themes\big-store\inc\woocommerce\woo-function.php on line 29

2021-12-22T04:02:35+00:00 CRITICAL Uncaught Error: Call to a member function get_cart_contents_count() on null in E:\Programs\XAMPP\htdocs\electro\wp-content\themes\big-store\inc\woocommerce\woo-function.php:29
Stack trace:
#0 E:\Programs\XAMPP\htdocs\electro\wp-content\themes\big-store\inc\woocommerce\woo-function.php(39): big_store_cart_total_item()
#1 E:\Programs\XAMPP\htdocs\electro\wp-includes\class-wp-hook.php(303): big_store_menu_cart_view('')
#2 E:\Programs\XAMPP\htdocs\electro\wp-includes\class-wp-hook.php(327): WP_Hook->apply_filters('', Array)
#3 E:\Programs\XAMPP\htdocs\electro\wp-includes\plugin.php(470): WP_Hook->do_action(Array)
#4 E:\Programs\XAMPP\htdocs\electro\wp-content\themes\big-store\inc\header-function.php(765): do_action('open_cart_count')
#5 E:\Programs\XAMPP\htdocs\electro\wp-includes\class-wp-hook.php(303): bigstore_mobile_navbar('')
#6 E:\Programs\XAMPP\htdocs\electro\wp-includes\class-wp-hook.php(327): WP_Hook->apply_filters(NULL, Array)
#7 E:\Programs\XAMPP\htdocs\electro\wp-includes\plugin.php(470): WP_Hook->do_ in E:\Programs\XAMPP\htdocs\electro\wp-content\themes\big-store\inc\woocommerce\woo-function.php on line 29

2021-12-22T04:02:38+00:00 CRITICAL Uncaught Error: Call to a member function get_cart_contents_count() on null in E:\Programs\XAMPP\htdocs\electro\wp-content\themes\big-store\inc\woocommerce\woo-function.php:29
Stack trace:
#0 E:\Programs\XAMPP\htdocs\electro\wp-content\themes\big-store\inc\woocommerce\woo-function.php(39): big_store_cart_total_item()
#1 E:\Programs\XAMPP\htdocs\electro\wp-includes\class-wp-hook.php(303): big_store_menu_cart_view('')
#2 E:\Programs\XAMPP\htdocs\electro\wp-includes\class-wp-hook.php(327): WP_Hook->apply_filters('', Array)
#3 E:\Programs\XAMPP\htdocs\electro\wp-includes\plugin.php(470): WP_Hook->do_action(Array)
#4 E:\Programs\XAMPP\htdocs\electro\wp-content\themes\big-store\inc\header-function.php(765): do_action('open_cart_count')
#5 E:\Programs\XAMPP\htdocs\electro\wp-includes\class-wp-hook.php(303): bigstore_mobile_navbar('')
#6 E:\Programs\XAMPP\htdocs\electro\wp-includes\class-wp-hook.php(327): WP_Hook->apply_filters(NULL, Array)
#7 E:\Programs\XAMPP\htdocs\electro\wp-includes\plugin.php(470): WP_Hook->do_ in E:\Programs\XAMPP\htdocs\electro\wp-content\themes\big-store\inc\woocommerce\woo-function.php on line 29

2021-12-22T04:02:42+00:00 CRITICAL Uncaught Error: Call to a member function get_cart_contents_count() on null in E:\Programs\XAMPP\htdocs\electro\wp-content\themes\big-store\inc\woocommerce\woo-function.php:29
Stack trace:
#0 E:\Programs\XAMPP\htdocs\electro\wp-content\themes\big-store\inc\woocommerce\woo-function.php(39): big_store_cart_total_item()
#1 E:\Programs\XAMPP\htdocs\electro\wp-includes\class-wp-hook.php(303): big_store_menu_cart_view('')
#2 E:\Programs\XAMPP\htdocs\electro\wp-includes\class-wp-hook.php(327): WP_Hook->apply_filters('', Array)
#3 E:\Programs\XAMPP\htdocs\electro\wp-includes\plugin.php(470): WP_Hook->do_action(Array)
#4 E:\Programs\XAMPP\htdocs\electro\wp-content\themes\big-store\inc\header-function.php(765): do_action('open_cart_count')
#5 E:\Programs\XAMPP\htdocs\electro\wp-includes\class-wp-hook.php(303): bigstore_mobile_navbar('')
#6 E:\Programs\XAMPP\htdocs\electro\wp-includes\class-wp-hook.php(327): WP_Hook->apply_filters(NULL, Array)
#7 E:\Programs\XAMPP\htdocs\electro\wp-includes\plugin.php(470): WP_Hook->do_ in E:\Programs\XAMPP\htdocs\electro\wp-content\themes\big-store\inc\woocommerce\woo-function.php on line 29

2021-12-22T04:02:46+00:00 CRITICAL Uncaught Error: Call to a member function get_cart_contents_count() on null in E:\Programs\XAMPP\htdocs\electro\wp-content\themes\big-store\inc\woocommerce\woo-function.php:29
Stack trace:
#0 E:\Programs\XAMPP\htdocs\electro\wp-content\themes\big-store\inc\woocommerce\woo-function.php(39): big_store_cart_total_item()
#1 E:\Programs\XAMPP\htdocs\electro\wp-includes\class-wp-hook.php(303): big_store_menu_cart_view('')
#2 E:\Programs\XAMPP\htdocs\electro\wp-includes\class-wp-hook.php(327): WP_Hook->apply_filters('', Array)
#3 E:\Programs\XAMPP\htdocs\electro\wp-includes\plugin.php(470): WP_Hook->do_action(Array)
#4 E:\Programs\XAMPP\htdocs\electro\wp-content\themes\big-store\inc\header-function.php(765): do_action('open_cart_count')
#5 E:\Programs\XAMPP\htdocs\electro\wp-includes\class-wp-hook.php(303): bigstore_mobile_navbar('')
#6 E:\Programs\XAMPP\htdocs\electro\wp-includes\class-wp-hook.php(327): WP_Hook->apply_filters(NULL, Array)
#7 E:\Programs\XAMPP\htdocs\electro\wp-includes\plugin.php(470): WP_Hook->do_ in E:\Programs\XAMPP\htdocs\electro\wp-content\themes\big-store\inc\woocommerce\woo-function.php on line 29

2021-12-22T04:02:49+00:00 CRITICAL Uncaught Error: Call to a member function get_cart_contents_count() on null in E:\Programs\XAMPP\htdocs\electro\wp-content\themes\big-store\inc\woocommerce\woo-function.php:29
Stack trace:
#0 E:\Programs\XAMPP\htdocs\electro\wp-content\themes\big-store\inc\woocommerce\woo-function.php(39): big_store_cart_total_item()
#1 E:\Programs\XAMPP\htdocs\electro\wp-includes\class-wp-hook.php(303): big_store_menu_cart_view('')
#2 E:\Programs\XAMPP\htdocs\electro\wp-includes\class-wp-hook.php(327): WP_Hook->apply_filters('', Array)
#3 E:\Programs\XAMPP\htdocs\electro\wp-includes\plugin.php(470): WP_Hook->do_action(Array)
#4 E:\Programs\XAMPP\htdocs\electro\wp-content\themes\big-store\inc\header-function.php(765): do_action('open_cart_count')
#5 E:\Programs\XAMPP\htdocs\electro\wp-includes\class-wp-hook.php(303): bigstore_mobile_navbar('')
#6 E:\Programs\XAMPP\htdocs\electro\wp-includes\class-wp-hook.php(327): WP_Hook->apply_filters(NULL, Array)
#7 E:\Programs\XAMPP\htdocs\electro\wp-includes\plugin.php(470): WP_Hook->do_ in E:\Programs\XAMPP\htdocs\electro\wp-content\themes\big-store\inc\woocommerce\woo-function.php on line 29

2021-12-22T04:02:50+00:00 CRITICAL Uncaught Error: Call to a member function get_cart_contents_count() on null in E:\Programs\XAMPP\htdocs\electro\wp-content\themes\big-store\inc\woocommerce\woo-function.php:29
Stack trace:
#0 E:\Programs\XAMPP\htdocs\electro\wp-content\themes\big-store\inc\woocommerce\woo-function.php(39): big_store_cart_total_item()
#1 E:\Programs\XAMPP\htdocs\electro\wp-includes\class-wp-hook.php(303): big_store_menu_cart_view('')
#2 E:\Programs\XAMPP\htdocs\electro\wp-includes\class-wp-hook.php(327): WP_Hook->apply_filters('', Array)
#3 E:\Programs\XAMPP\htdocs\electro\wp-includes\plugin.php(470): WP_Hook->do_action(Array)
#4 E:\Programs\XAMPP\htdocs\electro\wp-content\themes\big-store\inc\header-function.php(765): do_action('open_cart_count')
#5 E:\Programs\XAMPP\htdocs\electro\wp-includes\class-wp-hook.php(303): bigstore_mobile_navbar('')
#6 E:\Programs\XAMPP\htdocs\electro\wp-includes\class-wp-hook.php(327): WP_Hook->apply_filters(NULL, Array)
#7 E:\Programs\XAMPP\htdocs\electro\wp-includes\plugin.php(470): WP_Hook->do_ in E:\Programs\XAMPP\htdocs\electro\wp-content\themes\big-store\inc\woocommerce\woo-function.php on line 29

2021-12-22T04:02:53+00:00 CRITICAL Uncaught Error: Call to a member function get_cart_contents_count() on null in E:\Programs\XAMPP\htdocs\electro\wp-content\themes\big-store\inc\woocommerce\woo-function.php:29
Stack trace:
#0 E:\Programs\XAMPP\htdocs\electro\wp-content\themes\big-store\inc\woocommerce\woo-function.php(39): big_store_cart_total_item()
#1 E:\Programs\XAMPP\htdocs\electro\wp-includes\class-wp-hook.php(303): big_store_menu_cart_view('')
#2 E:\Programs\XAMPP\htdocs\electro\wp-includes\class-wp-hook.php(327): WP_Hook->apply_filters('', Array)
#3 E:\Programs\XAMPP\htdocs\electro\wp-includes\plugin.php(470): WP_Hook->do_action(Array)
#4 E:\Programs\XAMPP\htdocs\electro\wp-content\themes\big-store\inc\header-function.php(765): do_action('open_cart_count')
#5 E:\Programs\XAMPP\htdocs\electro\wp-includes\class-wp-hook.php(303): bigstore_mobile_navbar('')
#6 E:\Programs\XAMPP\htdocs\electro\wp-includes\class-wp-hook.php(327): WP_Hook->apply_filters(NULL, Array)
#7 E:\Programs\XAMPP\htdocs\electro\wp-includes\plugin.php(470): WP_Hook->do_ in E:\Programs\XAMPP\htdocs\electro\wp-content\themes\big-store\inc\woocommerce\woo-function.php on line 29

2021-12-22T04:03:01+00:00 CRITICAL Uncaught Error: Call to a member function get_cart_contents_count() on null in E:\Programs\XAMPP\htdocs\electro\wp-content\themes\big-store\inc\woocommerce\woo-function.php:29
Stack trace:
#0 E:\Programs\XAMPP\htdocs\electro\wp-content\themes\big-store\inc\woocommerce\woo-function.php(39): big_store_cart_total_item()
#1 E:\Programs\XAMPP\htdocs\electro\wp-includes\class-wp-hook.php(303): big_store_menu_cart_view('')
#2 E:\Programs\XAMPP\htdocs\electro\wp-includes\class-wp-hook.php(327): WP_Hook->apply_filters('', Array)
#3 E:\Programs\XAMPP\htdocs\electro\wp-includes\plugin.php(470): WP_Hook->do_action(Array)
#4 E:\Programs\XAMPP\htdocs\electro\wp-content\themes\big-store\inc\header-function.php(765): do_action('open_cart_count')
#5 E:\Programs\XAMPP\htdocs\electro\wp-includes\class-wp-hook.php(303): bigstore_mobile_navbar('')
#6 E:\Programs\XAMPP\htdocs\electro\wp-includes\class-wp-hook.php(327): WP_Hook->apply_filters(NULL, Array)
#7 E:\Programs\XAMPP\htdocs\electro\wp-includes\plugin.php(470): WP_Hook->do_ in E:\Programs\XAMPP\htdocs\electro\wp-content\themes\big-store\inc\woocommerce\woo-function.php on line 29

2021-12-22T04:03:02+00:00 CRITICAL Uncaught Error: Call to a member function get_cart_contents_count() on null in E:\Programs\XAMPP\htdocs\electro\wp-content\themes\big-store\inc\woocommerce\woo-function.php:29
Stack trace:
#0 E:\Programs\XAMPP\htdocs\electro\wp-content\themes\big-store\inc\woocommerce\woo-function.php(39): big_store_cart_total_item()
#1 E:\Programs\XAMPP\htdocs\electro\wp-includes\class-wp-hook.php(303): big_store_menu_cart_view('')
#2 E:\Programs\XAMPP\htdocs\electro\wp-includes\class-wp-hook.php(327): WP_Hook->apply_filters('', Array)
#3 E:\Programs\XAMPP\htdocs\electro\wp-includes\plugin.php(470): WP_Hook->do_action(Array)
#4 E:\Programs\XAMPP\htdocs\electro\wp-content\themes\big-store\inc\header-function.php(765): do_action('open_cart_count')
#5 E:\Programs\XAMPP\htdocs\electro\wp-includes\class-wp-hook.php(303): bigstore_mobile_navbar('')
#6 E:\Programs\XAMPP\htdocs\electro\wp-includes\class-wp-hook.php(327): WP_Hook->apply_filters(NULL, Array)
#7 E:\Programs\XAMPP\htdocs\electro\wp-includes\plugin.php(470): WP_Hook->do_ in E:\Programs\XAMPP\htdocs\electro\wp-content\themes\big-store\inc\woocommerce\woo-function.php on line 29

2021-12-22T04:03:05+00:00 CRITICAL Uncaught Error: Call to a member function get_cart_contents_count() on null in E:\Programs\XAMPP\htdocs\electro\wp-content\themes\big-store\inc\woocommerce\woo-function.php:29
Stack trace:
#0 E:\Programs\XAMPP\htdocs\electro\wp-content\themes\big-store\inc\woocommerce\woo-function.php(39): big_store_cart_total_item()
#1 E:\Programs\XAMPP\htdocs\electro\wp-includes\class-wp-hook.php(303): big_store_menu_cart_view('')
#2 E:\Programs\XAMPP\htdocs\electro\wp-includes\class-wp-hook.php(327): WP_Hook->apply_filters('', Array)
#3 E:\Programs\XAMPP\htdocs\electro\wp-includes\plugin.php(470): WP_Hook->do_action(Array)
#4 E:\Programs\XAMPP\htdocs\electro\wp-content\themes\big-store\inc\header-function.php(765): do_action('open_cart_count')
#5 E:\Programs\XAMPP\htdocs\electro\wp-includes\class-wp-hook.php(303): bigstore_mobile_navbar('')
#6 E:\Programs\XAMPP\htdocs\electro\wp-includes\class-wp-hook.php(327): WP_Hook->apply_filters(NULL, Array)
#7 E:\Programs\XAMPP\htdocs\electro\wp-includes\plugin.php(470): WP_Hook->do_ in E:\Programs\XAMPP\htdocs\electro\wp-content\themes\big-store\inc\woocommerce\woo-function.php on line 29

2021-12-22T04:03:06+00:00 CRITICAL Uncaught Error: Call to a member function get_cart_contents_count() on null in E:\Programs\XAMPP\htdocs\electro\wp-content\themes\big-store\inc\woocommerce\woo-function.php:29
Stack trace:
#0 E:\Programs\XAMPP\htdocs\electro\wp-content\themes\big-store\inc\woocommerce\woo-function.php(39): big_store_cart_total_item()
#1 E:\Programs\XAMPP\htdocs\electro\wp-includes\class-wp-hook.php(303): big_store_menu_cart_view('')
#2 E:\Programs\XAMPP\htdocs\electro\wp-includes\class-wp-hook.php(327): WP_Hook->apply_filters('', Array)
#3 E:\Programs\XAMPP\htdocs\electro\wp-includes\plugin.php(470): WP_Hook->do_action(Array)
#4 E:\Programs\XAMPP\htdocs\electro\wp-content\themes\big-store\inc\header-function.php(765): do_action('open_cart_count')
#5 E:\Programs\XAMPP\htdocs\electro\wp-includes\class-wp-hook.php(303): bigstore_mobile_navbar('')
#6 E:\Programs\XAMPP\htdocs\electro\wp-includes\class-wp-hook.php(327): WP_Hook->apply_filters(NULL, Array)
#7 E:\Programs\XAMPP\htdocs\electro\wp-includes\plugin.php(470): WP_Hook->do_ in E:\Programs\XAMPP\htdocs\electro\wp-content\themes\big-store\inc\woocommerce\woo-function.php on line 29

2021-12-22T04:03:15+00:00 CRITICAL Uncaught Error: Call to a member function get_cart_contents_count() on null in E:\Programs\XAMPP\htdocs\electro\wp-content\themes\big-store\inc\woocommerce\woo-function.php:29
Stack trace:
#0 E:\Programs\XAMPP\htdocs\electro\wp-content\themes\big-store\inc\woocommerce\woo-function.php(39): big_store_cart_total_item()
#1 E:\Programs\XAMPP\htdocs\electro\wp-includes\class-wp-hook.php(303): big_store_menu_cart_view('')
#2 E:\Programs\XAMPP\htdocs\electro\wp-includes\class-wp-hook.php(327): WP_Hook->apply_filters('', Array)
#3 E:\Programs\XAMPP\htdocs\electro\wp-includes\plugin.php(470): WP_Hook->do_action(Array)
#4 E:\Programs\XAMPP\htdocs\electro\wp-content\themes\big-store\inc\header-function.php(765): do_action('open_cart_count')
#5 E:\Programs\XAMPP\htdocs\electro\wp-includes\class-wp-hook.php(303): bigstore_mobile_navbar('')
#6 E:\Programs\XAMPP\htdocs\electro\wp-includes\class-wp-hook.php(327): WP_Hook->apply_filters(NULL, Array)
#7 E:\Programs\XAMPP\htdocs\electro\wp-includes\plugin.php(470): WP_Hook->do_ in E:\Programs\XAMPP\htdocs\electro\wp-content\themes\big-store\inc\woocommerce\woo-function.php on line 29

2021-12-22T04:03:28+00:00 CRITICAL Uncaught Error: Call to a member function get_cart_contents_count() on null in E:\Programs\XAMPP\htdocs\electro\wp-content\themes\big-store\inc\woocommerce\woo-function.php:29
Stack trace:
#0 E:\Programs\XAMPP\htdocs\electro\wp-content\themes\big-store\inc\woocommerce\woo-function.php(39): big_store_cart_total_item()
#1 E:\Programs\XAMPP\htdocs\electro\wp-includes\class-wp-hook.php(303): big_store_menu_cart_view('')
#2 E:\Programs\XAMPP\htdocs\electro\wp-includes\class-wp-hook.php(327): WP_Hook->apply_filters('', Array)
#3 E:\Programs\XAMPP\htdocs\electro\wp-includes\plugin.php(470): WP_Hook->do_action(Array)
#4 E:\Programs\XAMPP\htdocs\electro\wp-content\themes\big-store\inc\header-function.php(765): do_action('open_cart_count')
#5 E:\Programs\XAMPP\htdocs\electro\wp-includes\class-wp-hook.php(303): bigstore_mobile_navbar('')
#6 E:\Programs\XAMPP\htdocs\electro\wp-includes\class-wp-hook.php(327): WP_Hook->apply_filters(NULL, Array)
#7 E:\Programs\XAMPP\htdocs\electro\wp-includes\plugin.php(470): WP_Hook->do_ in E:\Programs\XAMPP\htdocs\electro\wp-content\themes\big-store\inc\woocommerce\woo-function.php on line 29

2021-12-22T04:03:33+00:00 CRITICAL Uncaught Error: Call to a member function get_cart_contents_count() on null in E:\Programs\XAMPP\htdocs\electro\wp-content\themes\big-store\inc\woocommerce\woo-function.php:29
Stack trace:
#0 E:\Programs\XAMPP\htdocs\electro\wp-content\themes\big-store\inc\woocommerce\woo-function.php(39): big_store_cart_total_item()
#1 E:\Programs\XAMPP\htdocs\electro\wp-includes\class-wp-hook.php(303): big_store_menu_cart_view('')
#2 E:\Programs\XAMPP\htdocs\electro\wp-includes\class-wp-hook.php(327): WP_Hook->apply_filters('', Array)
#3 E:\Programs\XAMPP\htdocs\electro\wp-includes\plugin.php(470): WP_Hook->do_action(Array)
#4 E:\Programs\XAMPP\htdocs\electro\wp-content\themes\big-store\inc\header-function.php(765): do_action('open_cart_count')
#5 E:\Programs\XAMPP\htdocs\electro\wp-includes\class-wp-hook.php(303): bigstore_mobile_navbar('')
#6 E:\Programs\XAMPP\htdocs\electro\wp-includes\class-wp-hook.php(327): WP_Hook->apply_filters(NULL, Array)
#7 E:\Programs\XAMPP\htdocs\electro\wp-includes\plugin.php(470): WP_Hook->do_ in E:\Programs\XAMPP\htdocs\electro\wp-content\themes\big-store\inc\woocommerce\woo-function.php on line 29

2021-12-22T04:03:54+00:00 CRITICAL Uncaught Error: Call to a member function get_cart_contents_count() on null in E:\Programs\XAMPP\htdocs\electro\wp-content\themes\big-store\inc\woocommerce\woo-function.php:29
Stack trace:
#0 E:\Programs\XAMPP\htdocs\electro\wp-content\themes\big-store\inc\woocommerce\woo-function.php(39): big_store_cart_total_item()
#1 E:\Programs\XAMPP\htdocs\electro\wp-includes\class-wp-hook.php(303): big_store_menu_cart_view('')
#2 E:\Programs\XAMPP\htdocs\electro\wp-includes\class-wp-hook.php(327): WP_Hook->apply_filters('', Array)
#3 E:\Programs\XAMPP\htdocs\electro\wp-includes\plugin.php(470): WP_Hook->do_action(Array)
#4 E:\Programs\XAMPP\htdocs\electro\wp-content\themes\big-store\inc\header-function.php(765): do_action('open_cart_count')
#5 E:\Programs\XAMPP\htdocs\electro\wp-includes\class-wp-hook.php(303): bigstore_mobile_navbar('')
#6 E:\Programs\XAMPP\htdocs\electro\wp-includes\class-wp-hook.php(327): WP_Hook->apply_filters(NULL, Array)
#7 E:\Programs\XAMPP\htdocs\electro\wp-includes\plugin.php(470): WP_Hook->do_ in E:\Programs\XAMPP\htdocs\electro\wp-content\themes\big-store\inc\woocommerce\woo-function.php on line 29

2021-12-22T04:03:56+00:00 CRITICAL Uncaught Error: Call to a member function get_cart_contents_count() on null in E:\Programs\XAMPP\htdocs\electro\wp-content\themes\big-store\inc\woocommerce\woo-function.php:29
Stack trace:
#0 E:\Programs\XAMPP\htdocs\electro\wp-content\themes\big-store\inc\woocommerce\woo-function.php(39): big_store_cart_total_item()
#1 E:\Programs\XAMPP\htdocs\electro\wp-includes\class-wp-hook.php(303): big_store_menu_cart_view('')
#2 E:\Programs\XAMPP\htdocs\electro\wp-includes\class-wp-hook.php(327): WP_Hook->apply_filters('', Array)
#3 E:\Programs\XAMPP\htdocs\electro\wp-includes\plugin.php(470): WP_Hook->do_action(Array)
#4 E:\Programs\XAMPP\htdocs\electro\wp-content\themes\big-store\inc\header-function.php(765): do_action('open_cart_count')
#5 E:\Programs\XAMPP\htdocs\electro\wp-includes\class-wp-hook.php(303): bigstore_mobile_navbar('')
#6 E:\Programs\XAMPP\htdocs\electro\wp-includes\class-wp-hook.php(327): WP_Hook->apply_filters(NULL, Array)
#7 E:\Programs\XAMPP\htdocs\electro\wp-includes\plugin.php(470): WP_Hook->do_ in E:\Programs\XAMPP\htdocs\electro\wp-content\themes\big-store\inc\woocommerce\woo-function.php on line 29

2021-12-22T04:04:05+00:00 CRITICAL Uncaught Error: Call to a member function get_cart_contents_count() on null in E:\Programs\XAMPP\htdocs\electro\wp-content\themes\big-store\inc\woocommerce\woo-function.php:29
Stack trace:
#0 E:\Programs\XAMPP\htdocs\electro\wp-content\themes\big-store\inc\woocommerce\woo-function.php(39): big_store_cart_total_item()
#1 E:\Programs\XAMPP\htdocs\electro\wp-includes\class-wp-hook.php(303): big_store_menu_cart_view('')
#2 E:\Programs\XAMPP\htdocs\electro\wp-includes\class-wp-hook.php(327): WP_Hook->apply_filters('', Array)
#3 E:\Programs\XAMPP\htdocs\electro\wp-includes\plugin.php(470): WP_Hook->do_action(Array)
#4 E:\Programs\XAMPP\htdocs\electro\wp-content\themes\big-store\inc\header-function.php(765): do_action('open_cart_count')
#5 E:\Programs\XAMPP\htdocs\electro\wp-includes\class-wp-hook.php(303): bigstore_mobile_navbar('')
#6 E:\Programs\XAMPP\htdocs\electro\wp-includes\class-wp-hook.php(327): WP_Hook->apply_filters(NULL, Array)
#7 E:\Programs\XAMPP\htdocs\electro\wp-includes\plugin.php(470): WP_Hook->do_ in E:\Programs\XAMPP\htdocs\electro\wp-content\themes\big-store\inc\woocommerce\woo-function.php on line 29

2021-12-22T04:04:06+00:00 CRITICAL Uncaught Error: Call to a member function get_cart_contents_count() on null in E:\Programs\XAMPP\htdocs\electro\wp-content\themes\big-store\inc\woocommerce\woo-function.php:29
Stack trace:
#0 E:\Programs\XAMPP\htdocs\electro\wp-content\themes\big-store\inc\woocommerce\woo-function.php(39): big_store_cart_total_item()
#1 E:\Programs\XAMPP\htdocs\electro\wp-includes\class-wp-hook.php(303): big_store_menu_cart_view('')
#2 E:\Programs\XAMPP\htdocs\electro\wp-includes\class-wp-hook.php(327): WP_Hook->apply_filters('', Array)
#3 E:\Programs\XAMPP\htdocs\electro\wp-includes\plugin.php(470): WP_Hook->do_action(Array)
#4 E:\Programs\XAMPP\htdocs\electro\wp-content\themes\big-store\inc\header-function.php(765): do_action('open_cart_count')
#5 E:\Programs\XAMPP\htdocs\electro\wp-includes\class-wp-hook.php(303): bigstore_mobile_navbar('')
#6 E:\Programs\XAMPP\htdocs\electro\wp-includes\class-wp-hook.php(327): WP_Hook->apply_filters(NULL, Array)
#7 E:\Programs\XAMPP\htdocs\electro\wp-includes\plugin.php(470): WP_Hook->do_ in E:\Programs\XAMPP\htdocs\electro\wp-content\themes\big-store\inc\woocommerce\woo-function.php on line 29

2021-12-22T04:04:29+00:00 CRITICAL Uncaught Error: Call to a member function get_cart_contents_count() on null in E:\Programs\XAMPP\htdocs\electro\wp-content\themes\big-store\inc\woocommerce\woo-function.php:29
Stack trace:
#0 E:\Programs\XAMPP\htdocs\electro\wp-content\themes\big-store\inc\woocommerce\woo-function.php(39): big_store_cart_total_item()
#1 E:\Programs\XAMPP\htdocs\electro\wp-includes\class-wp-hook.php(303): big_store_menu_cart_view('')
#2 E:\Programs\XAMPP\htdocs\electro\wp-includes\class-wp-hook.php(327): WP_Hook->apply_filters('', Array)
#3 E:\Programs\XAMPP\htdocs\electro\wp-includes\plugin.php(470): WP_Hook->do_action(Array)
#4 E:\Programs\XAMPP\htdocs\electro\wp-content\themes\big-store\inc\header-function.php(765): do_action('open_cart_count')
#5 E:\Programs\XAMPP\htdocs\electro\wp-includes\class-wp-hook.php(303): bigstore_mobile_navbar('')
#6 E:\Programs\XAMPP\htdocs\electro\wp-includes\class-wp-hook.php(327): WP_Hook->apply_filters(NULL, Array)
#7 E:\Programs\XAMPP\htdocs\electro\wp-includes\plugin.php(470): WP_Hook->do_ in E:\Programs\XAMPP\htdocs\electro\wp-content\themes\big-store\inc\woocommerce\woo-function.php on line 29

2021-12-22T04:04:36+00:00 CRITICAL Uncaught Error: Call to a member function get_cart_contents_count() on null in E:\Programs\XAMPP\htdocs\electro\wp-content\themes\big-store\inc\woocommerce\woo-function.php:29
Stack trace:
#0 E:\Programs\XAMPP\htdocs\electro\wp-content\themes\big-store\inc\woocommerce\woo-function.php(39): big_store_cart_total_item()
#1 E:\Programs\XAMPP\htdocs\electro\wp-includes\class-wp-hook.php(303): big_store_menu_cart_view('')
#2 E:\Programs\XAMPP\htdocs\electro\wp-includes\class-wp-hook.php(327): WP_Hook->apply_filters('', Array)
#3 E:\Programs\XAMPP\htdocs\electro\wp-includes\plugin.php(470): WP_Hook->do_action(Array)
#4 E:\Programs\XAMPP\htdocs\electro\wp-content\themes\big-store\inc\header-function.php(765): do_action('open_cart_count')
#5 E:\Programs\XAMPP\htdocs\electro\wp-includes\class-wp-hook.php(303): bigstore_mobile_navbar('')
#6 E:\Programs\XAMPP\htdocs\electro\wp-includes\class-wp-hook.php(327): WP_Hook->apply_filters(NULL, Array)
#7 E:\Programs\XAMPP\htdocs\electro\wp-includes\plugin.php(470): WP_Hook->do_ in E:\Programs\XAMPP\htdocs\electro\wp-content\themes\big-store\inc\woocommerce\woo-function.php on line 29

2021-12-22T04:13:03+00:00 CRITICAL Uncaught Error: Call to a member function get_cart_contents_count() on null in E:\Programs\XAMPP\htdocs\electro\wp-content\themes\big-store\inc\woocommerce\woo-function.php:29
Stack trace:
#0 E:\Programs\XAMPP\htdocs\electro\wp-content\themes\big-store\inc\woocommerce\woo-function.php(39): big_store_cart_total_item()
#1 E:\Programs\XAMPP\htdocs\electro\wp-includes\class-wp-hook.php(303): big_store_menu_cart_view('')
#2 E:\Programs\XAMPP\htdocs\electro\wp-includes\class-wp-hook.php(327): WP_Hook->apply_filters('', Array)
#3 E:\Programs\XAMPP\htdocs\electro\wp-includes\plugin.php(470): WP_Hook->do_action(Array)
#4 E:\Programs\XAMPP\htdocs\electro\wp-content\themes\big-store\inc\header-function.php(765): do_action('open_cart_count')
#5 E:\Programs\XAMPP\htdocs\electro\wp-includes\class-wp-hook.php(303): bigstore_mobile_navbar('')
#6 E:\Programs\XAMPP\htdocs\electro\wp-includes\class-wp-hook.php(327): WP_Hook->apply_filters(NULL, Array)
#7 E:\Programs\XAMPP\htdocs\electro\wp-includes\plugin.php(470): WP_Hook->do_ in E:\Programs\XAMPP\htdocs\electro\wp-content\themes\big-store\inc\woocommerce\woo-function.php on line 29

2021-12-22T04:16:23+00:00 CRITICAL Uncaught Error: Call to a member function get_cart_contents_count() on null in E:\Programs\XAMPP\htdocs\electro\wp-content\themes\big-store\inc\woocommerce\woo-function.php:29
Stack trace:
#0 E:\Programs\XAMPP\htdocs\electro\wp-content\themes\big-store\inc\woocommerce\woo-function.php(39): big_store_cart_total_item()
#1 E:\Programs\XAMPP\htdocs\electro\wp-includes\class-wp-hook.php(303): big_store_menu_cart_view('')
#2 E:\Programs\XAMPP\htdocs\electro\wp-includes\class-wp-hook.php(327): WP_Hook->apply_filters('', Array)
#3 E:\Programs\XAMPP\htdocs\electro\wp-includes\plugin.php(470): WP_Hook->do_action(Array)
#4 E:\Programs\XAMPP\htdocs\electro\wp-content\themes\big-store\inc\header-function.php(765): do_action('open_cart_count')
#5 E:\Programs\XAMPP\htdocs\electro\wp-includes\class-wp-hook.php(303): bigstore_mobile_navbar('')
#6 E:\Programs\XAMPP\htdocs\electro\wp-includes\class-wp-hook.php(327): WP_Hook->apply_filters(NULL, Array)
#7 E:\Programs\XAMPP\htdocs\electro\wp-includes\plugin.php(470): WP_Hook->do_ in E:\Programs\XAMPP\htdocs\electro\wp-content\themes\big-store\inc\woocommerce\woo-function.php on line 29

2021-12-22T04:16:25+00:00 CRITICAL Uncaught Error: Call to a member function get_cart_contents_count() on null in E:\Programs\XAMPP\htdocs\electro\wp-content\themes\big-store\inc\woocommerce\woo-function.php:29
Stack trace:
#0 E:\Programs\XAMPP\htdocs\electro\wp-content\themes\big-store\inc\woocommerce\woo-function.php(39): big_store_cart_total_item()
#1 E:\Programs\XAMPP\htdocs\electro\wp-includes\class-wp-hook.php(303): big_store_menu_cart_view('')
#2 E:\Programs\XAMPP\htdocs\electro\wp-includes\class-wp-hook.php(327): WP_Hook->apply_filters('', Array)
#3 E:\Programs\XAMPP\htdocs\electro\wp-includes\plugin.php(470): WP_Hook->do_action(Array)
#4 E:\Programs\XAMPP\htdocs\electro\wp-content\themes\big-store\inc\header-function.php(765): do_action('open_cart_count')
#5 E:\Programs\XAMPP\htdocs\electro\wp-includes\class-wp-hook.php(303): bigstore_mobile_navbar('')
#6 E:\Programs\XAMPP\htdocs\electro\wp-includes\class-wp-hook.php(327): WP_Hook->apply_filters(NULL, Array)
#7 E:\Programs\XAMPP\htdocs\electro\wp-includes\plugin.php(470): WP_Hook->do_ in E:\Programs\XAMPP\htdocs\electro\wp-content\themes\big-store\inc\woocommerce\woo-function.php on line 29

2021-12-22T04:16:49+00:00 CRITICAL Uncaught Error: Call to a member function get_cart_contents_count() on null in E:\Programs\XAMPP\htdocs\electro\wp-content\themes\big-store\inc\woocommerce\woo-function.php:29
Stack trace:
#0 E:\Programs\XAMPP\htdocs\electro\wp-content\themes\big-store\inc\woocommerce\woo-function.php(39): big_store_cart_total_item()
#1 E:\Programs\XAMPP\htdocs\electro\wp-includes\class-wp-hook.php(303): big_store_menu_cart_view('')
#2 E:\Programs\XAMPP\htdocs\electro\wp-includes\class-wp-hook.php(327): WP_Hook->apply_filters('', Array)
#3 E:\Programs\XAMPP\htdocs\electro\wp-includes\plugin.php(470): WP_Hook->do_action(Array)
#4 E:\Programs\XAMPP\htdocs\electro\wp-content\themes\big-store\inc\header-function.php(765): do_action('open_cart_count')
#5 E:\Programs\XAMPP\htdocs\electro\wp-includes\class-wp-hook.php(303): bigstore_mobile_navbar('')
#6 E:\Programs\XAMPP\htdocs\electro\wp-includes\class-wp-hook.php(327): WP_Hook->apply_filters(NULL, Array)
#7 E:\Programs\XAMPP\htdocs\electro\wp-includes\plugin.php(470): WP_Hook->do_ in E:\Programs\XAMPP\htdocs\electro\wp-content\themes\big-store\inc\woocommerce\woo-function.php on line 29

2021-12-22T04:16:49+00:00 CRITICAL Uncaught Error: Call to a member function get_cart_contents_count() on null in E:\Programs\XAMPP\htdocs\electro\wp-content\themes\big-store\inc\woocommerce\woo-function.php:29
Stack trace:
#0 E:\Programs\XAMPP\htdocs\electro\wp-content\themes\big-store\inc\woocommerce\woo-function.php(39): big_store_cart_total_item()
#1 E:\Programs\XAMPP\htdocs\electro\wp-includes\class-wp-hook.php(303): big_store_menu_cart_view('')
#2 E:\Programs\XAMPP\htdocs\electro\wp-includes\class-wp-hook.php(327): WP_Hook->apply_filters('', Array)
#3 E:\Programs\XAMPP\htdocs\electro\wp-includes\plugin.php(470): WP_Hook->do_action(Array)
#4 E:\Programs\XAMPP\htdocs\electro\wp-content\themes\big-store\inc\header-function.php(765): do_action('open_cart_count')
#5 E:\Programs\XAMPP\htdocs\electro\wp-includes\class-wp-hook.php(303): bigstore_mobile_navbar('')
#6 E:\Programs\XAMPP\htdocs\electro\wp-includes\class-wp-hook.php(327): WP_Hook->apply_filters(NULL, Array)
#7 E:\Programs\XAMPP\htdocs\electro\wp-includes\plugin.php(470): WP_Hook->do_ in E:\Programs\XAMPP\htdocs\electro\wp-content\themes\big-store\inc\woocommerce\woo-function.php on line 29

2021-12-22T04:16:51+00:00 CRITICAL Uncaught Error: Call to a member function get_cart_contents_count() on null in E:\Programs\XAMPP\htdocs\electro\wp-content\themes\big-store\inc\woocommerce\woo-function.php:29
Stack trace:
#0 E:\Programs\XAMPP\htdocs\electro\wp-content\themes\big-store\inc\woocommerce\woo-function.php(39): big_store_cart_total_item()
#1 E:\Programs\XAMPP\htdocs\electro\wp-includes\class-wp-hook.php(303): big_store_menu_cart_view('')
#2 E:\Programs\XAMPP\htdocs\electro\wp-includes\class-wp-hook.php(327): WP_Hook->apply_filters('', Array)
#3 E:\Programs\XAMPP\htdocs\electro\wp-includes\plugin.php(470): WP_Hook->do_action(Array)
#4 E:\Programs\XAMPP\htdocs\electro\wp-content\themes\big-store\inc\header-function.php(765): do_action('open_cart_count')
#5 E:\Programs\XAMPP\htdocs\electro\wp-includes\class-wp-hook.php(303): bigstore_mobile_navbar('')
#6 E:\Programs\XAMPP\htdocs\electro\wp-includes\class-wp-hook.php(327): WP_Hook->apply_filters(NULL, Array)
#7 E:\Programs\XAMPP\htdocs\electro\wp-includes\plugin.php(470): WP_Hook->do_ in E:\Programs\XAMPP\htdocs\electro\wp-content\themes\big-store\inc\woocommerce\woo-function.php on line 29

2021-12-22T04:16:58+00:00 CRITICAL Uncaught Error: Call to a member function get_cart_contents_count() on null in E:\Programs\XAMPP\htdocs\electro\wp-content\themes\big-store\inc\woocommerce\woo-function.php:29
Stack trace:
#0 E:\Programs\XAMPP\htdocs\electro\wp-content\themes\big-store\inc\woocommerce\woo-function.php(39): big_store_cart_total_item()
#1 E:\Programs\XAMPP\htdocs\electro\wp-includes\class-wp-hook.php(303): big_store_menu_cart_view('')
#2 E:\Programs\XAMPP\htdocs\electro\wp-includes\class-wp-hook.php(327): WP_Hook->apply_filters('', Array)
#3 E:\Programs\XAMPP\htdocs\electro\wp-includes\plugin.php(470): WP_Hook->do_action(Array)
#4 E:\Programs\XAMPP\htdocs\electro\wp-content\themes\big-store\inc\header-function.php(765): do_action('open_cart_count')
#5 E:\Programs\XAMPP\htdocs\electro\wp-includes\class-wp-hook.php(303): bigstore_mobile_navbar('')
#6 E:\Programs\XAMPP\htdocs\electro\wp-includes\class-wp-hook.php(327): WP_Hook->apply_filters(NULL, Array)
#7 E:\Programs\XAMPP\htdocs\electro\wp-includes\plugin.php(470): WP_Hook->do_ in E:\Programs\XAMPP\htdocs\electro\wp-content\themes\big-store\inc\woocommerce\woo-function.php on line 29

2021-12-22T04:16:59+00:00 CRITICAL Uncaught Error: Call to a member function get_cart_contents_count() on null in E:\Programs\XAMPP\htdocs\electro\wp-content\themes\big-store\inc\woocommerce\woo-function.php:29
Stack trace:
#0 E:\Programs\XAMPP\htdocs\electro\wp-content\themes\big-store\inc\woocommerce\woo-function.php(39): big_store_cart_total_item()
#1 E:\Programs\XAMPP\htdocs\electro\wp-includes\class-wp-hook.php(303): big_store_menu_cart_view('')
#2 E:\Programs\XAMPP\htdocs\electro\wp-includes\class-wp-hook.php(327): WP_Hook->apply_filters('', Array)
#3 E:\Programs\XAMPP\htdocs\electro\wp-includes\plugin.php(470): WP_Hook->do_action(Array)
#4 E:\Programs\XAMPP\htdocs\electro\wp-content\themes\big-store\inc\header-function.php(765): do_action('open_cart_count')
#5 E:\Programs\XAMPP\htdocs\electro\wp-includes\class-wp-hook.php(303): bigstore_mobile_navbar('')
#6 E:\Programs\XAMPP\htdocs\electro\wp-includes\class-wp-hook.php(327): WP_Hook->apply_filters(NULL, Array)
#7 E:\Programs\XAMPP\htdocs\electro\wp-includes\plugin.php(470): WP_Hook->do_ in E:\Programs\XAMPP\htdocs\electro\wp-content\themes\big-store\inc\woocommerce\woo-function.php on line 29

2021-12-22T04:20:13+00:00 CRITICAL Uncaught Error: Call to a member function get_cart_contents_count() on null in E:\Programs\XAMPP\htdocs\electro\wp-content\themes\big-store\inc\woocommerce\woo-function.php:29
Stack trace:
#0 E:\Programs\XAMPP\htdocs\electro\wp-content\themes\big-store\inc\woocommerce\woo-function.php(39): big_store_cart_total_item()
#1 E:\Programs\XAMPP\htdocs\electro\wp-includes\class-wp-hook.php(303): big_store_menu_cart_view('')
#2 E:\Programs\XAMPP\htdocs\electro\wp-includes\class-wp-hook.php(327): WP_Hook->apply_filters('', Array)
#3 E:\Programs\XAMPP\htdocs\electro\wp-includes\plugin.php(470): WP_Hook->do_action(Array)
#4 E:\Programs\XAMPP\htdocs\electro\wp-content\themes\big-store\inc\header-function.php(765): do_action('open_cart_count')
#5 E:\Programs\XAMPP\htdocs\electro\wp-includes\class-wp-hook.php(303): bigstore_mobile_navbar('')
#6 E:\Programs\XAMPP\htdocs\electro\wp-includes\class-wp-hook.php(327): WP_Hook->apply_filters(NULL, Array)
#7 E:\Programs\XAMPP\htdocs\electro\wp-includes\plugin.php(470): WP_Hook->do_ in E:\Programs\XAMPP\htdocs\electro\wp-content\themes\big-store\inc\woocommerce\woo-function.php on line 29

2021-12-22T04:25:58+00:00 CRITICAL Uncaught Error: Call to a member function get_cart_contents_count() on null in E:\Programs\XAMPP\htdocs\electro\wp-content\themes\big-store\inc\woocommerce\woo-function.php:29
Stack trace:
#0 E:\Programs\XAMPP\htdocs\electro\wp-content\themes\big-store\inc\woocommerce\woo-function.php(39): big_store_cart_total_item()
#1 E:\Programs\XAMPP\htdocs\electro\wp-includes\class-wp-hook.php(303): big_store_menu_cart_view('')
#2 E:\Programs\XAMPP\htdocs\electro\wp-includes\class-wp-hook.php(327): WP_Hook->apply_filters('', Array)
#3 E:\Programs\XAMPP\htdocs\electro\wp-includes\plugin.php(470): WP_Hook->do_action(Array)
#4 E:\Programs\XAMPP\htdocs\electro\wp-content\themes\big-store\inc\header-function.php(765): do_action('open_cart_count')
#5 E:\Programs\XAMPP\htdocs\electro\wp-includes\class-wp-hook.php(303): bigstore_mobile_navbar('')
#6 E:\Programs\XAMPP\htdocs\electro\wp-includes\class-wp-hook.php(327): WP_Hook->apply_filters(NULL, Array)
#7 E:\Programs\XAMPP\htdocs\electro\wp-includes\plugin.php(470): WP_Hook->do_ in E:\Programs\XAMPP\htdocs\electro\wp-content\themes\big-store\inc\woocommerce\woo-function.php on line 29

2021-12-22T04:25:58+00:00 CRITICAL Uncaught Error: Call to a member function get_cart_contents_count() on null in E:\Programs\XAMPP\htdocs\electro\wp-content\themes\big-store\inc\woocommerce\woo-function.php:29
Stack trace:
#0 E:\Programs\XAMPP\htdocs\electro\wp-content\themes\big-store\inc\woocommerce\woo-function.php(39): big_store_cart_total_item()
#1 E:\Programs\XAMPP\htdocs\electro\wp-includes\class-wp-hook.php(303): big_store_menu_cart_view('')
#2 E:\Programs\XAMPP\htdocs\electro\wp-includes\class-wp-hook.php(327): WP_Hook->apply_filters('', Array)
#3 E:\Programs\XAMPP\htdocs\electro\wp-includes\plugin.php(470): WP_Hook->do_action(Array)
#4 E:\Programs\XAMPP\htdocs\electro\wp-content\themes\big-store\inc\header-function.php(765): do_action('open_cart_count')
#5 E:\Programs\XAMPP\htdocs\electro\wp-includes\class-wp-hook.php(303): bigstore_mobile_navbar('')
#6 E:\Programs\XAMPP\htdocs\electro\wp-includes\class-wp-hook.php(327): WP_Hook->apply_filters(NULL, Array)
#7 E:\Programs\XAMPP\htdocs\electro\wp-includes\plugin.php(470): WP_Hook->do_ in E:\Programs\XAMPP\htdocs\electro\wp-content\themes\big-store\inc\woocommerce\woo-function.php on line 29

2021-12-22T04:28:14+00:00 CRITICAL Uncaught Error: Call to a member function get_cart_contents_count() on null in E:\Programs\XAMPP\htdocs\electro\wp-content\themes\big-store\inc\woocommerce\woo-function.php:29
Stack trace:
#0 E:\Programs\XAMPP\htdocs\electro\wp-content\themes\big-store\inc\woocommerce\woo-function.php(39): big_store_cart_total_item()
#1 E:\Programs\XAMPP\htdocs\electro\wp-includes\class-wp-hook.php(303): big_store_menu_cart_view('')
#2 E:\Programs\XAMPP\htdocs\electro\wp-includes\class-wp-hook.php(327): WP_Hook->apply_filters('', Array)
#3 E:\Programs\XAMPP\htdocs\electro\wp-includes\plugin.php(470): WP_Hook->do_action(Array)
#4 E:\Programs\XAMPP\htdocs\electro\wp-content\themes\big-store\inc\header-function.php(765): do_action('open_cart_count')
#5 E:\Programs\XAMPP\htdocs\electro\wp-includes\class-wp-hook.php(303): bigstore_mobile_navbar('')
#6 E:\Programs\XAMPP\htdocs\electro\wp-includes\class-wp-hook.php(327): WP_Hook->apply_filters(NULL, Array)
#7 E:\Programs\XAMPP\htdocs\electro\wp-includes\plugin.php(470): WP_Hook->do_ in E:\Programs\XAMPP\htdocs\electro\wp-content\themes\big-store\inc\woocommerce\woo-function.php on line 29

2021-12-22T04:28:38+00:00 CRITICAL Uncaught Error: Call to a member function get_cart_contents_count() on null in E:\Programs\XAMPP\htdocs\electro\wp-content\themes\big-store\inc\woocommerce\woo-function.php:29
Stack trace:
#0 E:\Programs\XAMPP\htdocs\electro\wp-content\themes\big-store\inc\woocommerce\woo-function.php(39): big_store_cart_total_item()
#1 E:\Programs\XAMPP\htdocs\electro\wp-includes\class-wp-hook.php(303): big_store_menu_cart_view('')
#2 E:\Programs\XAMPP\htdocs\electro\wp-includes\class-wp-hook.php(327): WP_Hook->apply_filters('', Array)
#3 E:\Programs\XAMPP\htdocs\electro\wp-includes\plugin.php(470): WP_Hook->do_action(Array)
#4 E:\Programs\XAMPP\htdocs\electro\wp-content\themes\big-store\inc\header-function.php(765): do_action('open_cart_count')
#5 E:\Programs\XAMPP\htdocs\electro\wp-includes\class-wp-hook.php(303): bigstore_mobile_navbar('')
#6 E:\Programs\XAMPP\htdocs\electro\wp-includes\class-wp-hook.php(327): WP_Hook->apply_filters(NULL, Array)
#7 E:\Programs\XAMPP\htdocs\electro\wp-includes\plugin.php(470): WP_Hook->do_ in E:\Programs\XAMPP\htdocs\electro\wp-content\themes\big-store\inc\woocommerce\woo-function.php on line 29

2021-12-22T04:28:49+00:00 CRITICAL Uncaught Error: Call to a member function get_cart_contents_count() on null in E:\Programs\XAMPP\htdocs\electro\wp-content\themes\big-store\inc\woocommerce\woo-function.php:29
Stack trace:
#0 E:\Programs\XAMPP\htdocs\electro\wp-content\themes\big-store\inc\woocommerce\woo-function.php(39): big_store_cart_total_item()
#1 E:\Programs\XAMPP\htdocs\electro\wp-includes\class-wp-hook.php(303): big_store_menu_cart_view('')
#2 E:\Programs\XAMPP\htdocs\electro\wp-includes\class-wp-hook.php(327): WP_Hook->apply_filters('', Array)
#3 E:\Programs\XAMPP\htdocs\electro\wp-includes\plugin.php(470): WP_Hook->do_action(Array)
#4 E:\Programs\XAMPP\htdocs\electro\wp-content\themes\big-store\inc\header-function.php(765): do_action('open_cart_count')
#5 E:\Programs\XAMPP\htdocs\electro\wp-includes\class-wp-hook.php(303): bigstore_mobile_navbar('')
#6 E:\Programs\XAMPP\htdocs\electro\wp-includes\class-wp-hook.php(327): WP_Hook->apply_filters(NULL, Array)
#7 E:\Programs\XAMPP\htdocs\electro\wp-includes\plugin.php(470): WP_Hook->do_ in E:\Programs\XAMPP\htdocs\electro\wp-content\themes\big-store\inc\woocommerce\woo-function.php on line 29

2021-12-22T04:28:50+00:00 CRITICAL Uncaught Error: Call to a member function get_cart_contents_count() on null in E:\Programs\XAMPP\htdocs\electro\wp-content\themes\big-store\inc\woocommerce\woo-function.php:29
Stack trace:
#0 E:\Programs\XAMPP\htdocs\electro\wp-content\themes\big-store\inc\woocommerce\woo-function.php(39): big_store_cart_total_item()
#1 E:\Programs\XAMPP\htdocs\electro\wp-includes\class-wp-hook.php(303): big_store_menu_cart_view('')
#2 E:\Programs\XAMPP\htdocs\electro\wp-includes\class-wp-hook.php(327): WP_Hook->apply_filters('', Array)
#3 E:\Programs\XAMPP\htdocs\electro\wp-includes\plugin.php(470): WP_Hook->do_action(Array)
#4 E:\Programs\XAMPP\htdocs\electro\wp-content\themes\big-store\inc\header-function.php(765): do_action('open_cart_count')
#5 E:\Programs\XAMPP\htdocs\electro\wp-includes\class-wp-hook.php(303): bigstore_mobile_navbar('')
#6 E:\Programs\XAMPP\htdocs\electro\wp-includes\class-wp-hook.php(327): WP_Hook->apply_filters(NULL, Array)
#7 E:\Programs\XAMPP\htdocs\electro\wp-includes\plugin.php(470): WP_Hook->do_ in E:\Programs\XAMPP\htdocs\electro\wp-content\themes\big-store\inc\woocommerce\woo-function.php on line 29

2021-12-22T04:28:52+00:00 CRITICAL Uncaught Error: Call to a member function get_cart_contents_count() on null in E:\Programs\XAMPP\htdocs\electro\wp-content\themes\big-store\inc\woocommerce\woo-function.php:29
Stack trace:
#0 E:\Programs\XAMPP\htdocs\electro\wp-content\themes\big-store\inc\woocommerce\woo-function.php(39): big_store_cart_total_item()
#1 E:\Programs\XAMPP\htdocs\electro\wp-includes\class-wp-hook.php(303): big_store_menu_cart_view('')
#2 E:\Programs\XAMPP\htdocs\electro\wp-includes\class-wp-hook.php(327): WP_Hook->apply_filters('', Array)
#3 E:\Programs\XAMPP\htdocs\electro\wp-includes\plugin.php(470): WP_Hook->do_action(Array)
#4 E:\Programs\XAMPP\htdocs\electro\wp-content\themes\big-store\inc\header-function.php(765): do_action('open_cart_count')
#5 E:\Programs\XAMPP\htdocs\electro\wp-includes\class-wp-hook.php(303): bigstore_mobile_navbar('')
#6 E:\Programs\XAMPP\htdocs\electro\wp-includes\class-wp-hook.php(327): WP_Hook->apply_filters(NULL, Array)
#7 E:\Programs\XAMPP\htdocs\electro\wp-includes\plugin.php(470): WP_Hook->do_ in E:\Programs\XAMPP\htdocs\electro\wp-content\themes\big-store\inc\woocommerce\woo-function.php on line 29

2021-12-22T04:28:53+00:00 CRITICAL Uncaught Error: Call to a member function get_cart_contents_count() on null in E:\Programs\XAMPP\htdocs\electro\wp-content\themes\big-store\inc\woocommerce\woo-function.php:29
Stack trace:
#0 E:\Programs\XAMPP\htdocs\electro\wp-content\themes\big-store\inc\woocommerce\woo-function.php(39): big_store_cart_total_item()
#1 E:\Programs\XAMPP\htdocs\electro\wp-includes\class-wp-hook.php(303): big_store_menu_cart_view('')
#2 E:\Programs\XAMPP\htdocs\electro\wp-includes\class-wp-hook.php(327): WP_Hook->apply_filters('', Array)
#3 E:\Programs\XAMPP\htdocs\electro\wp-includes\plugin.php(470): WP_Hook->do_action(Array)
#4 E:\Programs\XAMPP\htdocs\electro\wp-content\themes\big-store\inc\header-function.php(765): do_action('open_cart_count')
#5 E:\Programs\XAMPP\htdocs\electro\wp-includes\class-wp-hook.php(303): bigstore_mobile_navbar('')
#6 E:\Programs\XAMPP\htdocs\electro\wp-includes\class-wp-hook.php(327): WP_Hook->apply_filters(NULL, Array)
#7 E:\Programs\XAMPP\htdocs\electro\wp-includes\plugin.php(470): WP_Hook->do_ in E:\Programs\XAMPP\htdocs\electro\wp-content\themes\big-store\inc\woocommerce\woo-function.php on line 29

